<?xml version="1.0" encoding="UTF-8"?>
<!-- Generated by org.testng.reporters.JUnitXMLReporter -->
<testsuite hostname="Sorowar-Windows-Laptop-01" ignored="0" name="Free CRM App Test Cases" tests="14" failures="0" timestamp="30 Nov 2017 23:22:44 GMT" time="122.366" errors="0">
  <testcase name="crmLogoTest" time="0.118" classname="com.crm.qa.testcases.LoginPageTest"/>
  <testcase name="verifyhomePageTitleTest" time="0.014" classname="com.crm.qa.testcases.HomePageTest"/>
  <testcase name="verifyContactsPageLabel" time="0.057" classname="com.crm.qa.testcases.ContactsPageTest"/>
  <testcase name="loginTest" time="1.369" classname="com.crm.qa.testcases.LoginPageTest"/>
  <testcase name="verifyUserLabelTest" time="0.356" classname="com.crm.qa.testcases.HomePageTest"/>
  <testcase name="selectSingleContactTest" time="0.379" classname="com.crm.qa.testcases.ContactsPageTest"/>
  <testcase name="loginPageTitleTest" time="4.302" classname="com.crm.qa.testcases.LoginPageTest"/>
  <testcase name="verifyContactsLinkTest" time="0.915" classname="com.crm.qa.testcases.HomePageTest"/>
  <testcase name="selectMultippleContactTest" time="0.477" classname="com.crm.qa.testcases.ContactsPageTest"/>
  <testcase name="verifyDealsLinkTest" time="1.098" classname="com.crm.qa.testcases.HomePageTest"/>
  <testcase name="validateCreateNewContact" time="3.003" classname="com.crm.qa.testcases.ContactsPageTest"/>
  <testcase name="validateCreateNewContact" time="2.719" classname="com.crm.qa.testcases.ContactsPageTest"/>
  <testcase name="validateCreateNewContact" time="2.722" classname="com.crm.qa.testcases.ContactsPageTest"/>
  <testcase name="validateCreateNewContact" time="2.872" classname="com.crm.qa.testcases.ContactsPageTest"/>
</testsuite> <!-- Free CRM App Test Cases -->
