<?xml version="1.0" encoding="UTF-8"?>
<!-- Generated by org.testng.reporters.JUnitXMLReporter -->
<testsuite hostname="Sorowar-Windows-Laptop-01" ignored="0" name="Free CRM App Test Cases" tests="14" failures="0" timestamp="25 Oct 2017 20:46:45 GMT" time="137.046" errors="0">
  <testcase name="crmLogoTest" time="0.099" classname="com.crm.qa.testcases.LoginPageTest"/>
  <testcase name="verifyhomePageTitleTest" time="0.034" classname="com.crm.qa.testcases.HomePageTest"/>
  <testcase name="verifyContactsPageLabel" time="0.068" classname="com.crm.qa.testcases.ContactsPageTest"/>
  <testcase name="loginTest" time="1.888" classname="com.crm.qa.testcases.LoginPageTest"/>
  <testcase name="verifyUserLabelTest" time="0.446" classname="com.crm.qa.testcases.HomePageTest"/>
  <testcase name="selectSingleContactTest" time="0.422" classname="com.crm.qa.testcases.ContactsPageTest"/>
  <testcase name="loginPageTitleTest" time="2.108" classname="com.crm.qa.testcases.LoginPageTest"/>
  <testcase name="verifyContactsLinkTest" time="1.2" classname="com.crm.qa.testcases.HomePageTest"/>
  <testcase name="selectMultippleContactTest" time="0.65" classname="com.crm.qa.testcases.ContactsPageTest"/>
  <testcase name="verifyDealsLinkTest" time="1.014" classname="com.crm.qa.testcases.HomePageTest"/>
  <testcase name="validateCreateNewContact" time="3.394" classname="com.crm.qa.testcases.ContactsPageTest"/>
  <testcase name="validateCreateNewContact" time="3.545" classname="com.crm.qa.testcases.ContactsPageTest"/>
  <testcase name="validateCreateNewContact" time="3.05" classname="com.crm.qa.testcases.ContactsPageTest"/>
  <testcase name="validateCreateNewContact" time="2.633" classname="com.crm.qa.testcases.ContactsPageTest"/>
</testsuite> <!-- Free CRM App Test Cases -->
