<?xml version="1.0" encoding="UTF-8"?>
<testng-results skipped="0" failed="1" ignored="0" total="14" passed="13">
  <reporter-output>
  </reporter-output>
  <suite name="Command line suite" duration-ms="159109" started-at="2017-12-01T01:21:16Z" finished-at="2017-12-01T01:23:55Z">
    <groups>
    </groups>
    <test name="Command line test" duration-ms="159109" started-at="2017-12-01T01:21:16Z" finished-at="2017-12-01T01:23:55Z">
      <class name="com.crm.qa.testcases.HomePageTest">
        <test-method status="PASS" signature="setUp()[pri:0, instance:com.crm.qa.testcases.HomePageTest@97e1986]" name="setUp" is-config="true" duration-ms="7807" started-at="2017-11-30T20:21:36Z" finished-at="2017-11-30T20:21:44Z">
          <reporter-output>
          </reporter-output>
        </test-method> <!-- setUp -->
        <test-method status="PASS" signature="verifyhomePageTitleTest()[pri:1, instance:com.crm.qa.testcases.HomePageTest@97e1986]" name="verifyhomePageTitleTest" duration-ms="12" started-at="2017-11-30T20:21:44Z" finished-at="2017-11-30T20:21:44Z">
          <reporter-output>
          </reporter-output>
        </test-method> <!-- verifyhomePageTitleTest -->
        <test-method status="PASS" signature="tearDown()[pri:0, instance:com.crm.qa.testcases.HomePageTest@97e1986]" name="tearDown" is-config="true" duration-ms="847" started-at="2017-11-30T20:21:44Z" finished-at="2017-11-30T20:21:45Z">
          <reporter-output>
          </reporter-output>
        </test-method> <!-- tearDown -->
        <test-method status="PASS" signature="setUp()[pri:0, instance:com.crm.qa.testcases.HomePageTest@97e1986]" name="setUp" is-config="true" duration-ms="8626" started-at="2017-11-30T20:21:58Z" finished-at="2017-11-30T20:22:07Z">
          <reporter-output>
          </reporter-output>
        </test-method> <!-- setUp -->
        <test-method status="PASS" signature="verifyUserLabelTest()[pri:2, instance:com.crm.qa.testcases.HomePageTest@97e1986]" name="verifyUserLabelTest" duration-ms="404" started-at="2017-11-30T20:22:07Z" finished-at="2017-11-30T20:22:08Z">
          <reporter-output>
          </reporter-output>
        </test-method> <!-- verifyUserLabelTest -->
        <test-method status="PASS" signature="tearDown()[pri:0, instance:com.crm.qa.testcases.HomePageTest@97e1986]" name="tearDown" is-config="true" duration-ms="906" started-at="2017-11-30T20:22:08Z" finished-at="2017-11-30T20:22:08Z">
          <reporter-output>
          </reporter-output>
        </test-method> <!-- tearDown -->
        <test-method status="PASS" signature="setUp()[pri:0, instance:com.crm.qa.testcases.HomePageTest@97e1986]" name="setUp" is-config="true" duration-ms="6229" started-at="2017-11-30T20:22:24Z" finished-at="2017-11-30T20:22:30Z">
          <reporter-output>
          </reporter-output>
        </test-method> <!-- setUp -->
        <test-method status="PASS" signature="verifyContactsLinkTest()[pri:3, instance:com.crm.qa.testcases.HomePageTest@97e1986]" name="verifyContactsLinkTest" duration-ms="1055" started-at="2017-11-30T20:22:30Z" finished-at="2017-11-30T20:22:31Z">
          <reporter-output>
          </reporter-output>
        </test-method> <!-- verifyContactsLinkTest -->
        <test-method status="PASS" signature="tearDown()[pri:0, instance:com.crm.qa.testcases.HomePageTest@97e1986]" name="tearDown" is-config="true" duration-ms="877" started-at="2017-11-30T20:22:31Z" finished-at="2017-11-30T20:22:32Z">
          <reporter-output>
          </reporter-output>
        </test-method> <!-- tearDown -->
        <test-method status="PASS" signature="setUp()[pri:0, instance:com.crm.qa.testcases.HomePageTest@97e1986]" name="setUp" is-config="true" duration-ms="8242" started-at="2017-11-30T20:23:45Z" finished-at="2017-11-30T20:23:54Z">
          <reporter-output>
          </reporter-output>
        </test-method> <!-- setUp -->
        <test-method status="PASS" signature="verifyDealsLinkTest()[pri:4, instance:com.crm.qa.testcases.HomePageTest@97e1986]" name="verifyDealsLinkTest" duration-ms="862" started-at="2017-11-30T20:23:54Z" finished-at="2017-11-30T20:23:55Z">
          <reporter-output>
          </reporter-output>
        </test-method> <!-- verifyDealsLinkTest -->
        <test-method status="PASS" signature="tearDown()[pri:0, instance:com.crm.qa.testcases.HomePageTest@97e1986]" name="tearDown" is-config="true" duration-ms="843" started-at="2017-11-30T20:23:55Z" finished-at="2017-11-30T20:23:55Z">
          <reporter-output>
          </reporter-output>
        </test-method> <!-- tearDown -->
      </class> <!-- com.crm.qa.testcases.HomePageTest -->
      <class name="com.crm.qa.testcases.ContactsPageTest">
        <test-method status="PASS" signature="setUp()[pri:0, instance:com.crm.qa.testcases.ContactsPageTest@3dd3bcd]" name="setUp" is-config="true" duration-ms="19262" started-at="2017-11-30T20:21:16Z" finished-at="2017-11-30T20:21:36Z">
          <reporter-output>
          </reporter-output>
        </test-method> <!-- setUp -->
        <test-method status="PASS" signature="verifyContactsPageLabel()[pri:1, instance:com.crm.qa.testcases.ContactsPageTest@3dd3bcd]" name="verifyContactsPageLabel" duration-ms="61" started-at="2017-11-30T20:21:36Z" finished-at="2017-11-30T20:21:36Z">
          <reporter-output>
          </reporter-output>
        </test-method> <!-- verifyContactsPageLabel -->
        <test-method status="PASS" signature="tearDown()[pri:0, instance:com.crm.qa.testcases.ContactsPageTest@3dd3bcd]" name="tearDown" is-config="true" duration-ms="815" started-at="2017-11-30T20:21:36Z" finished-at="2017-11-30T20:21:36Z">
          <reporter-output>
          </reporter-output>
        </test-method> <!-- tearDown -->
        <test-method status="PASS" signature="setUp()[pri:0, instance:com.crm.qa.testcases.ContactsPageTest@3dd3bcd]" name="setUp" is-config="true" duration-ms="6932" started-at="2017-11-30T20:21:50Z" finished-at="2017-11-30T20:21:57Z">
          <reporter-output>
          </reporter-output>
        </test-method> <!-- setUp -->
        <test-method status="PASS" signature="selectSingleContactTest()[pri:2, instance:com.crm.qa.testcases.ContactsPageTest@3dd3bcd]" name="selectSingleContactTest" duration-ms="404" started-at="2017-11-30T20:21:57Z" finished-at="2017-11-30T20:21:58Z">
          <reporter-output>
          </reporter-output>
        </test-method> <!-- selectSingleContactTest -->
        <test-method status="PASS" signature="tearDown()[pri:0, instance:com.crm.qa.testcases.ContactsPageTest@3dd3bcd]" name="tearDown" is-config="true" duration-ms="877" started-at="2017-11-30T20:21:58Z" finished-at="2017-11-30T20:21:58Z">
          <reporter-output>
          </reporter-output>
        </test-method> <!-- tearDown -->
        <test-method status="PASS" signature="setUp()[pri:0, instance:com.crm.qa.testcases.ContactsPageTest@3dd3bcd]" name="setUp" is-config="true" duration-ms="6972" started-at="2017-11-30T20:22:15Z" finished-at="2017-11-30T20:22:22Z">
          <reporter-output>
          </reporter-output>
        </test-method> <!-- setUp -->
        <test-method status="PASS" signature="selectMultippleContactTest()[pri:3, instance:com.crm.qa.testcases.ContactsPageTest@3dd3bcd]" name="selectMultippleContactTest" duration-ms="520" started-at="2017-11-30T20:22:22Z" finished-at="2017-11-30T20:22:23Z">
          <reporter-output>
          </reporter-output>
        </test-method> <!-- selectMultippleContactTest -->
        <test-method status="PASS" signature="tearDown()[pri:0, instance:com.crm.qa.testcases.ContactsPageTest@3dd3bcd]" name="tearDown" is-config="true" duration-ms="898" started-at="2017-11-30T20:22:23Z" finished-at="2017-11-30T20:22:24Z">
          <reporter-output>
          </reporter-output>
        </test-method> <!-- tearDown -->
        <test-method status="PASS" signature="setUp()[pri:0, instance:com.crm.qa.testcases.ContactsPageTest@3dd3bcd]" name="setUp" is-config="true" duration-ms="6948" started-at="2017-11-30T20:22:41Z" finished-at="2017-11-30T20:22:48Z">
          <reporter-output>
          </reporter-output>
        </test-method> <!-- setUp -->
        <test-method status="PASS" signature="validateCreateNewContact(java.lang.String, java.lang.String, java.lang.String, java.lang.String)[pri:4, instance:com.crm.qa.testcases.ContactsPageTest@3dd3bcd]" name="validateCreateNewContact" duration-ms="3340" started-at="2017-11-30T20:22:48Z" data-provider="getCrmTestData" finished-at="2017-11-30T20:22:52Z">
          <params>
            <param index="0">
              <value>
                <![CDATA[Mr.]]>
              </value>
            </param>
            <param index="1">
              <value>
                <![CDATA[Mazarrul]]>
              </value>
            </param>
            <param index="2">
              <value>
                <![CDATA[Islam]]>
              </value>
            </param>
            <param index="3">
              <value>
                <![CDATA[PLD]]>
              </value>
            </param>
          </params>
          <reporter-output>
          </reporter-output>
        </test-method> <!-- validateCreateNewContact -->
        <test-method status="PASS" signature="tearDown()[pri:0, instance:com.crm.qa.testcases.ContactsPageTest@3dd3bcd]" name="tearDown" is-config="true" duration-ms="1096" started-at="2017-11-30T20:22:52Z" finished-at="2017-11-30T20:22:53Z">
          <reporter-output>
          </reporter-output>
        </test-method> <!-- tearDown -->
        <test-method status="PASS" signature="setUp()[pri:0, instance:com.crm.qa.testcases.ContactsPageTest@3dd3bcd]" name="setUp" is-config="true" duration-ms="6820" started-at="2017-11-30T20:22:53Z" finished-at="2017-11-30T20:22:59Z">
          <reporter-output>
          </reporter-output>
        </test-method> <!-- setUp -->
        <test-method status="PASS" signature="validateCreateNewContact(java.lang.String, java.lang.String, java.lang.String, java.lang.String)[pri:4, instance:com.crm.qa.testcases.ContactsPageTest@3dd3bcd]" name="validateCreateNewContact" duration-ms="8469" started-at="2017-11-30T20:22:59Z" data-provider="getCrmTestData" finished-at="2017-11-30T20:23:08Z">
          <params>
            <param index="0">
              <value>
                <![CDATA[Mrs.]]>
              </value>
            </param>
            <param index="1">
              <value>
                <![CDATA[Mukta]]>
              </value>
            </param>
            <param index="2">
              <value>
                <![CDATA[Sharma]]>
              </value>
            </param>
            <param index="3">
              <value>
                <![CDATA[AMNL]]>
              </value>
            </param>
          </params>
          <reporter-output>
          </reporter-output>
        </test-method> <!-- validateCreateNewContact -->
        <test-method status="PASS" signature="tearDown()[pri:0, instance:com.crm.qa.testcases.ContactsPageTest@3dd3bcd]" name="tearDown" is-config="true" duration-ms="794" started-at="2017-11-30T20:23:08Z" finished-at="2017-11-30T20:23:09Z">
          <reporter-output>
          </reporter-output>
        </test-method> <!-- tearDown -->
        <test-method status="PASS" signature="setUp()[pri:0, instance:com.crm.qa.testcases.ContactsPageTest@3dd3bcd]" name="setUp" is-config="true" duration-ms="7023" started-at="2017-11-30T20:23:09Z" finished-at="2017-11-30T20:23:16Z">
          <reporter-output>
          </reporter-output>
        </test-method> <!-- setUp -->
        <test-method status="PASS" signature="validateCreateNewContact(java.lang.String, java.lang.String, java.lang.String, java.lang.String)[pri:4, instance:com.crm.qa.testcases.ContactsPageTest@3dd3bcd]" name="validateCreateNewContact" duration-ms="3179" started-at="2017-11-30T20:23:16Z" data-provider="getCrmTestData" finished-at="2017-11-30T20:23:19Z">
          <params>
            <param index="0">
              <value>
                <![CDATA[Dr.]]>
              </value>
            </param>
            <param index="1">
              <value>
                <![CDATA[Agarual]]>
              </value>
            </param>
            <param index="2">
              <value>
                <![CDATA[Pattel]]>
              </value>
            </param>
            <param index="3">
              <value>
                <![CDATA[Camarex]]>
              </value>
            </param>
          </params>
          <reporter-output>
          </reporter-output>
        </test-method> <!-- validateCreateNewContact -->
        <test-method status="PASS" signature="tearDown()[pri:0, instance:com.crm.qa.testcases.ContactsPageTest@3dd3bcd]" name="tearDown" is-config="true" duration-ms="895" started-at="2017-11-30T20:23:19Z" finished-at="2017-11-30T20:23:20Z">
          <reporter-output>
          </reporter-output>
        </test-method> <!-- tearDown -->
        <test-method status="PASS" signature="setUp()[pri:0, instance:com.crm.qa.testcases.ContactsPageTest@3dd3bcd]" name="setUp" is-config="true" duration-ms="18389" started-at="2017-11-30T20:23:20Z" finished-at="2017-11-30T20:23:38Z">
          <reporter-output>
          </reporter-output>
        </test-method> <!-- setUp -->
        <test-method status="FAIL" signature="validateCreateNewContact(java.lang.String, java.lang.String, java.lang.String, java.lang.String)[pri:4, instance:com.crm.qa.testcases.ContactsPageTest@3dd3bcd]" name="validateCreateNewContact" duration-ms="6326" started-at="2017-11-30T20:23:38Z" data-provider="getCrmTestData" finished-at="2017-11-30T20:23:45Z">
          <params>
            <param index="0">
              <value>
                <![CDATA[Prof.]]>
              </value>
            </param>
            <param index="1">
              <value>
                <![CDATA[Hamidul]]>
              </value>
            </param>
            <param index="2">
              <value>
                <![CDATA[Khan]]>
              </value>
            </param>
            <param index="3">
              <value>
                <![CDATA[Mount Sinai]]>
              </value>
            </param>
          </params>
          <exception class="org.openqa.selenium.ElementNotVisibleException">
            <message>
              <![CDATA[element not visible
  (Session info: chrome=62.0.3202.94)
  (Driver info: chromedriver=2.33.506120 (e3e53437346286c0bc2d2dc9aa4915ba81d9023f),platform=Windows NT 10.0.16299 x86_64) (WARNING: The server did not provide any stacktrace information)
Command duration or timeout: 0 milliseconds
Build info: version: '3.5.3', revision: 'a88d25fe6b', time: '2017-08-29T12:42:44.417Z'
System info: host: 'SOROWAR-WINDOWS', ip: '192.168.192.1', os.name: 'Windows 10', os.arch: 'amd64', os.version: '10.0', java.version: '1.8.0_144'
Driver info: org.openqa.selenium.chrome.ChromeDriver
Capabilities [{mobileEmulationEnabled=false, hasTouchScreen=false, platform=XP, acceptSslCerts=true, webStorageEnabled=true, browserName=chrome, takesScreenshot=true, javascriptEnabled=true, platformName=XP, setWindowRect=true, unexpectedAlertBehaviour=, applicationCacheEnabled=false, rotatable=false, networkConnectionEnabled=false, chrome={chromedriverVersion=2.33.506120 (e3e53437346286c0bc2d2dc9aa4915ba81d9023f), userDataDir=C:\Users\SOROW~1.SOR\AppData\Local\Temp\scoped_dir9100_17661}, takesHeapSnapshot=true, pageLoadStrategy=normal, unhandledPromptBehavior=, databaseEnabled=false, handlesAlerts=true, version=62.0.3202.94, browserConnectionEnabled=false, nativeEvents=true, locationContextEnabled=true, cssSelectorsEnabled=true}]
Session ID: 4ef727d0bd9bce7fe6aeed775c5beed1]]>
            </message>
            <full-stacktrace>
              <![CDATA[org.openqa.selenium.ElementNotVisibleException: element not visible
  (Session info: chrome=62.0.3202.94)
  (Driver info: chromedriver=2.33.506120 (e3e53437346286c0bc2d2dc9aa4915ba81d9023f),platform=Windows NT 10.0.16299 x86_64) (WARNING: The server did not provide any stacktrace information)
Command duration or timeout: 0 milliseconds
Build info: version: '3.5.3', revision: 'a88d25fe6b', time: '2017-08-29T12:42:44.417Z'
System info: host: 'SOROWAR-WINDOWS', ip: '192.168.192.1', os.name: 'Windows 10', os.arch: 'amd64', os.version: '10.0', java.version: '1.8.0_144'
Driver info: org.openqa.selenium.chrome.ChromeDriver
Capabilities [{mobileEmulationEnabled=false, hasTouchScreen=false, platform=XP, acceptSslCerts=true, webStorageEnabled=true, browserName=chrome, takesScreenshot=true, javascriptEnabled=true, platformName=XP, setWindowRect=true, unexpectedAlertBehaviour=, applicationCacheEnabled=false, rotatable=false, networkConnectionEnabled=false, chrome={chromedriverVersion=2.33.506120 (e3e53437346286c0bc2d2dc9aa4915ba81d9023f), userDataDir=C:\Users\SOROW~1.SOR\AppData\Local\Temp\scoped_dir9100_17661}, takesHeapSnapshot=true, pageLoadStrategy=normal, unhandledPromptBehavior=, databaseEnabled=false, handlesAlerts=true, version=62.0.3202.94, browserConnectionEnabled=false, nativeEvents=true, locationContextEnabled=true, cssSelectorsEnabled=true}]
Session ID: 4ef727d0bd9bce7fe6aeed775c5beed1
	at sun.reflect.NativeConstructorAccessorImpl.newInstance0(Native Method)
	at sun.reflect.NativeConstructorAccessorImpl.newInstance(NativeConstructorAccessorImpl.java:62)
	at sun.reflect.DelegatingConstructorAccessorImpl.newInstance(DelegatingConstructorAccessorImpl.java:45)
	at java.lang.reflect.Constructor.newInstance(Constructor.java:423)
	at org.openqa.selenium.remote.ErrorHandler.createThrowable(ErrorHandler.java:215)
	at org.openqa.selenium.remote.ErrorHandler.throwIfResponseFailed(ErrorHandler.java:167)
	at org.openqa.selenium.remote.http.JsonHttpResponseCodec.reconstructValue(JsonHttpResponseCodec.java:40)
	at org.openqa.selenium.remote.http.AbstractHttpResponseCodec.decode(AbstractHttpResponseCodec.java:82)
	at org.openqa.selenium.remote.http.AbstractHttpResponseCodec.decode(AbstractHttpResponseCodec.java:45)
	at org.openqa.selenium.remote.HttpCommandExecutor.execute(HttpCommandExecutor.java:164)
	at org.openqa.selenium.remote.service.DriverCommandExecutor.execute(DriverCommandExecutor.java:82)
	at org.openqa.selenium.remote.RemoteWebDriver.execute(RemoteWebDriver.java:646)
	at org.openqa.selenium.remote.RemoteWebElement.execute(RemoteWebElement.java:275)
	at org.openqa.selenium.remote.RemoteWebElement.click(RemoteWebElement.java:82)
	at sun.reflect.GeneratedMethodAccessor10.invoke(Unknown Source)
	at sun.reflect.DelegatingMethodAccessorImpl.invoke(DelegatingMethodAccessorImpl.java:43)
	at java.lang.reflect.Method.invoke(Method.java:498)
	at org.openqa.selenium.support.events.EventFiringWebDriver$EventFiringWebElement$1.invoke(EventFiringWebDriver.java:350)
	at com.sun.proxy.$Proxy11.click(Unknown Source)
	at org.openqa.selenium.support.events.EventFiringWebDriver$EventFiringWebElement.click(EventFiringWebDriver.java:363)
	at sun.reflect.GeneratedMethodAccessor10.invoke(Unknown Source)
	at sun.reflect.DelegatingMethodAccessorImpl.invoke(DelegatingMethodAccessorImpl.java:43)
	at java.lang.reflect.Method.invoke(Method.java:498)
	at org.openqa.selenium.support.pagefactory.internal.LocatingElementHandler.invoke(LocatingElementHandler.java:51)
	at com.sun.proxy.$Proxy10.click(Unknown Source)
	at com.crm.qa.pages.HomePage.clickOnNewContactLink(HomePage.java:60)
	at com.crm.qa.testcases.ContactsPageTest.validateCreateNewContact(ContactsPageTest.java:71)
	at sun.reflect.NativeMethodAccessorImpl.invoke0(Native Method)
	at sun.reflect.NativeMethodAccessorImpl.invoke(NativeMethodAccessorImpl.java:62)
	at sun.reflect.DelegatingMethodAccessorImpl.invoke(DelegatingMethodAccessorImpl.java:43)
	at java.lang.reflect.Method.invoke(Method.java:498)
	at org.testng.internal.MethodInvocationHelper.invokeMethod(MethodInvocationHelper.java:108)
	at org.testng.internal.Invoker.invokeMethod(Invoker.java:661)
	at org.testng.internal.Invoker.invokeTestMethod(Invoker.java:869)
	at org.testng.internal.Invoker.invokeTestMethods(Invoker.java:1193)
	at org.testng.internal.TestMethodWorker.invokeTestMethods(TestMethodWorker.java:126)
	at org.testng.internal.TestMethodWorker.run(TestMethodWorker.java:109)
	at org.testng.TestRunner.privateRun(TestRunner.java:744)
	at org.testng.TestRunner.run(TestRunner.java:602)
	at org.testng.SuiteRunner.runTest(SuiteRunner.java:380)
	at org.testng.SuiteRunner.runSequentially(SuiteRunner.java:375)
	at org.testng.SuiteRunner.privateRun(SuiteRunner.java:340)
	at org.testng.SuiteRunner.run(SuiteRunner.java:289)
	at org.testng.SuiteRunnerWorker.runSuite(SuiteRunnerWorker.java:52)
	at org.testng.SuiteRunnerWorker.run(SuiteRunnerWorker.java:86)
	at org.testng.TestNG.runSuitesSequentially(TestNG.java:1301)
	at org.testng.TestNG.runSuitesLocally(TestNG.java:1226)
	at org.testng.TestNG.runSuites(TestNG.java:1144)
	at org.testng.TestNG.run(TestNG.java:1115)
	at org.apache.maven.surefire.testng.TestNGExecutor.run(TestNGExecutor.java:77)
	at org.apache.maven.surefire.testng.TestNGDirectoryTestSuite.executeMulti(TestNGDirectoryTestSuite.java:159)
	at org.apache.maven.surefire.testng.TestNGDirectoryTestSuite.execute(TestNGDirectoryTestSuite.java:99)
	at org.apache.maven.surefire.testng.TestNGProvider.invoke(TestNGProvider.java:106)
	at sun.reflect.NativeMethodAccessorImpl.invoke0(Native Method)
	at sun.reflect.NativeMethodAccessorImpl.invoke(NativeMethodAccessorImpl.java:62)
	at sun.reflect.DelegatingMethodAccessorImpl.invoke(DelegatingMethodAccessorImpl.java:43)
	at java.lang.reflect.Method.invoke(Method.java:498)
	at org.apache.maven.surefire.util.ReflectionUtils.invokeMethodWithArray(ReflectionUtils.java:189)
	at org.apache.maven.surefire.booter.ProviderFactory$ProviderProxy.invoke(ProviderFactory.java:165)
	at org.apache.maven.surefire.booter.ProviderFactory.invokeProvider(ProviderFactory.java:85)
	at org.apache.maven.surefire.booter.ForkedBooter.runSuitesInProcess(ForkedBooter.java:115)
	at org.apache.maven.surefire.booter.ForkedBooter.main(ForkedBooter.java:75)
]]>
            </full-stacktrace>
          </exception> <!-- org.openqa.selenium.ElementNotVisibleException -->
          <reporter-output>
          </reporter-output>
        </test-method> <!-- validateCreateNewContact -->
        <test-method status="PASS" signature="tearDown()[pri:0, instance:com.crm.qa.testcases.ContactsPageTest@3dd3bcd]" name="tearDown" is-config="true" duration-ms="890" started-at="2017-11-30T20:23:45Z" finished-at="2017-11-30T20:23:45Z">
          <reporter-output>
          </reporter-output>
        </test-method> <!-- tearDown -->
      </class> <!-- com.crm.qa.testcases.ContactsPageTest -->
      <class name="com.crm.qa.testcases.LoginPageTest">
        <test-method status="PASS" signature="setUp()[pri:0, instance:com.crm.qa.testcases.LoginPageTest@26f67b76]" name="setUp" is-config="true" duration-ms="4223" started-at="2017-11-30T20:21:45Z" finished-at="2017-11-30T20:21:49Z">
          <reporter-output>
          </reporter-output>
        </test-method> <!-- setUp -->
        <test-method status="PASS" signature="crmLogoTest()[pri:1, instance:com.crm.qa.testcases.LoginPageTest@26f67b76]" name="crmLogoTest" duration-ms="79" started-at="2017-11-30T20:21:49Z" finished-at="2017-11-30T20:21:49Z">
          <reporter-output>
          </reporter-output>
        </test-method> <!-- crmLogoTest -->
        <test-method status="PASS" signature="tearDown()[pri:0, instance:com.crm.qa.testcases.LoginPageTest@26f67b76]" name="tearDown" is-config="true" duration-ms="834" started-at="2017-11-30T20:21:49Z" finished-at="2017-11-30T20:21:50Z">
          <reporter-output>
          </reporter-output>
        </test-method> <!-- tearDown -->
        <test-method status="PASS" signature="setUp()[pri:0, instance:com.crm.qa.testcases.LoginPageTest@26f67b76]" name="setUp" is-config="true" duration-ms="4385" started-at="2017-11-30T20:22:08Z" finished-at="2017-11-30T20:22:13Z">
          <reporter-output>
          </reporter-output>
        </test-method> <!-- setUp -->
        <test-method status="PASS" signature="loginTest()[pri:2, instance:com.crm.qa.testcases.LoginPageTest@26f67b76]" name="loginTest" duration-ms="1510" started-at="2017-11-30T20:22:13Z" finished-at="2017-11-30T20:22:14Z">
          <reporter-output>
          </reporter-output>
        </test-method> <!-- loginTest -->
        <test-method status="PASS" signature="tearDown()[pri:0, instance:com.crm.qa.testcases.LoginPageTest@26f67b76]" name="tearDown" is-config="true" duration-ms="887" started-at="2017-11-30T20:22:14Z" finished-at="2017-11-30T20:22:15Z">
          <reporter-output>
          </reporter-output>
        </test-method> <!-- tearDown -->
        <test-method status="PASS" signature="setUp()[pri:0, instance:com.crm.qa.testcases.LoginPageTest@26f67b76]" name="setUp" is-config="true" duration-ms="4306" started-at="2017-11-30T20:22:32Z" finished-at="2017-11-30T20:22:36Z">
          <reporter-output>
          </reporter-output>
        </test-method> <!-- setUp -->
        <test-method status="PASS" signature="loginPageTitleTest()[pri:3, instance:com.crm.qa.testcases.LoginPageTest@26f67b76]" name="loginPageTitleTest" duration-ms="3715" started-at="2017-11-30T20:22:36Z" finished-at="2017-11-30T20:22:40Z">
          <reporter-output>
          </reporter-output>
        </test-method> <!-- loginPageTitleTest -->
        <test-method status="PASS" signature="tearDown()[pri:0, instance:com.crm.qa.testcases.LoginPageTest@26f67b76]" name="tearDown" is-config="true" duration-ms="870" started-at="2017-11-30T20:22:40Z" finished-at="2017-11-30T20:22:41Z">
          <reporter-output>
          </reporter-output>
        </test-method> <!-- tearDown -->
      </class> <!-- com.crm.qa.testcases.LoginPageTest -->
    </test> <!-- Command line test -->
  </suite> <!-- Command line suite -->
</testng-results>
