<?xml version="1.0" encoding="UTF-8"?>
<testng-results skipped="0" failed="0" ignored="0" total="14" passed="14">
  <reporter-output>
  </reporter-output>
  <suite name="FREE CRM Application Test Automation Test Suite" duration-ms="122366" started-at="2017-11-30T23:20:41Z" finished-at="2017-11-30T23:22:44Z">
    <groups>
    </groups>
    <test name="Free CRM App Test Cases" duration-ms="122366" started-at="2017-11-30T23:20:41Z" finished-at="2017-11-30T23:22:44Z">
      <class name="com.crm.qa.testcases.HomePageTest">
        <test-method status="PASS" signature="setUp()[pri:0, instance:com.crm.qa.testcases.HomePageTest@31a5c39e]" name="setUp" is-config="true" duration-ms="9398" started-at="2017-11-30T18:20:48Z" finished-at="2017-11-30T18:20:58Z">
          <reporter-output>
          </reporter-output>
        </test-method> <!-- setUp -->
        <test-method status="PASS" signature="verifyhomePageTitleTest()[pri:1, instance:com.crm.qa.testcases.HomePageTest@31a5c39e]" name="verifyhomePageTitleTest" duration-ms="14" started-at="2017-11-30T18:20:58Z" finished-at="2017-11-30T18:20:58Z">
          <reporter-output>
          </reporter-output>
        </test-method> <!-- verifyhomePageTitleTest -->
        <test-method status="PASS" signature="tearDown()[pri:0, instance:com.crm.qa.testcases.HomePageTest@31a5c39e]" name="tearDown" is-config="true" duration-ms="872" started-at="2017-11-30T18:20:58Z" finished-at="2017-11-30T18:20:59Z">
          <reporter-output>
          </reporter-output>
        </test-method> <!-- tearDown -->
        <test-method status="PASS" signature="setUp()[pri:0, instance:com.crm.qa.testcases.HomePageTest@31a5c39e]" name="setUp" is-config="true" duration-ms="5512" started-at="2017-11-30T18:21:12Z" finished-at="2017-11-30T18:21:18Z">
          <reporter-output>
          </reporter-output>
        </test-method> <!-- setUp -->
        <test-method status="PASS" signature="verifyUserLabelTest()[pri:2, instance:com.crm.qa.testcases.HomePageTest@31a5c39e]" name="verifyUserLabelTest" duration-ms="356" started-at="2017-11-30T18:21:18Z" finished-at="2017-11-30T18:21:18Z">
          <reporter-output>
          </reporter-output>
        </test-method> <!-- verifyUserLabelTest -->
        <test-method status="PASS" signature="tearDown()[pri:0, instance:com.crm.qa.testcases.HomePageTest@31a5c39e]" name="tearDown" is-config="true" duration-ms="847" started-at="2017-11-30T18:21:18Z" finished-at="2017-11-30T18:21:19Z">
          <reporter-output>
          </reporter-output>
        </test-method> <!-- tearDown -->
        <test-method status="PASS" signature="setUp()[pri:0, instance:com.crm.qa.testcases.HomePageTest@31a5c39e]" name="setUp" is-config="true" duration-ms="5678" started-at="2017-11-30T18:21:36Z" finished-at="2017-11-30T18:21:42Z">
          <reporter-output>
          </reporter-output>
        </test-method> <!-- setUp -->
        <test-method status="PASS" signature="verifyContactsLinkTest()[pri:3, instance:com.crm.qa.testcases.HomePageTest@31a5c39e]" name="verifyContactsLinkTest" duration-ms="915" started-at="2017-11-30T18:21:42Z" finished-at="2017-11-30T18:21:43Z">
          <reporter-output>
          </reporter-output>
        </test-method> <!-- verifyContactsLinkTest -->
        <test-method status="PASS" signature="tearDown()[pri:0, instance:com.crm.qa.testcases.HomePageTest@31a5c39e]" name="tearDown" is-config="true" duration-ms="865" started-at="2017-11-30T18:21:43Z" finished-at="2017-11-30T18:21:43Z">
          <reporter-output>
          </reporter-output>
        </test-method> <!-- tearDown -->
        <test-method status="PASS" signature="setUp()[pri:0, instance:com.crm.qa.testcases.HomePageTest@31a5c39e]" name="setUp" is-config="true" duration-ms="5384" started-at="2017-11-30T18:21:51Z" finished-at="2017-11-30T18:21:56Z">
          <reporter-output>
          </reporter-output>
        </test-method> <!-- setUp -->
        <test-method status="PASS" signature="verifyDealsLinkTest()[pri:4, instance:com.crm.qa.testcases.HomePageTest@31a5c39e]" name="verifyDealsLinkTest" duration-ms="1098" started-at="2017-11-30T18:21:56Z" finished-at="2017-11-30T18:21:57Z">
          <reporter-output>
          </reporter-output>
        </test-method> <!-- verifyDealsLinkTest -->
        <test-method status="PASS" signature="tearDown()[pri:0, instance:com.crm.qa.testcases.HomePageTest@31a5c39e]" name="tearDown" is-config="true" duration-ms="865" started-at="2017-11-30T18:21:57Z" finished-at="2017-11-30T18:21:58Z">
          <reporter-output>
          </reporter-output>
        </test-method> <!-- tearDown -->
      </class> <!-- com.crm.qa.testcases.HomePageTest -->
      <class name="com.crm.qa.testcases.ContactsPageTest">
        <test-method status="PASS" signature="setUp()[pri:0, instance:com.crm.qa.testcases.ContactsPageTest@3f49dace]" name="setUp" is-config="true" duration-ms="6497" started-at="2017-11-30T18:20:59Z" finished-at="2017-11-30T18:21:05Z">
          <reporter-output>
          </reporter-output>
        </test-method> <!-- setUp -->
        <test-method status="PASS" signature="verifyContactsPageLabel()[pri:1, instance:com.crm.qa.testcases.ContactsPageTest@3f49dace]" name="verifyContactsPageLabel" duration-ms="57" started-at="2017-11-30T18:21:05Z" finished-at="2017-11-30T18:21:05Z">
          <reporter-output>
          </reporter-output>
        </test-method> <!-- verifyContactsPageLabel -->
        <test-method status="PASS" signature="tearDown()[pri:0, instance:com.crm.qa.testcases.ContactsPageTest@3f49dace]" name="tearDown" is-config="true" duration-ms="872" started-at="2017-11-30T18:21:05Z" finished-at="2017-11-30T18:21:06Z">
          <reporter-output>
          </reporter-output>
        </test-method> <!-- tearDown -->
        <test-method status="PASS" signature="setUp()[pri:0, instance:com.crm.qa.testcases.ContactsPageTest@3f49dace]" name="setUp" is-config="true" duration-ms="6353" started-at="2017-11-30T18:21:19Z" finished-at="2017-11-30T18:21:25Z">
          <reporter-output>
          </reporter-output>
        </test-method> <!-- setUp -->
        <test-method status="PASS" signature="selectSingleContactTest()[pri:2, instance:com.crm.qa.testcases.ContactsPageTest@3f49dace]" name="selectSingleContactTest" duration-ms="379" started-at="2017-11-30T18:21:25Z" finished-at="2017-11-30T18:21:26Z">
          <reporter-output>
          </reporter-output>
        </test-method> <!-- selectSingleContactTest -->
        <test-method status="PASS" signature="tearDown()[pri:0, instance:com.crm.qa.testcases.ContactsPageTest@3f49dace]" name="tearDown" is-config="true" duration-ms="912" started-at="2017-11-30T18:21:26Z" finished-at="2017-11-30T18:21:27Z">
          <reporter-output>
          </reporter-output>
        </test-method> <!-- tearDown -->
        <test-method status="PASS" signature="setUp()[pri:0, instance:com.crm.qa.testcases.ContactsPageTest@3f49dace]" name="setUp" is-config="true" duration-ms="6241" started-at="2017-11-30T18:21:43Z" finished-at="2017-11-30T18:21:50Z">
          <reporter-output>
          </reporter-output>
        </test-method> <!-- setUp -->
        <test-method status="PASS" signature="selectMultippleContactTest()[pri:3, instance:com.crm.qa.testcases.ContactsPageTest@3f49dace]" name="selectMultippleContactTest" duration-ms="477" started-at="2017-11-30T18:21:50Z" finished-at="2017-11-30T18:21:50Z">
          <reporter-output>
          </reporter-output>
        </test-method> <!-- selectMultippleContactTest -->
        <test-method status="PASS" signature="tearDown()[pri:0, instance:com.crm.qa.testcases.ContactsPageTest@3f49dace]" name="tearDown" is-config="true" duration-ms="872" started-at="2017-11-30T18:21:50Z" finished-at="2017-11-30T18:21:51Z">
          <reporter-output>
          </reporter-output>
        </test-method> <!-- tearDown -->
        <test-method status="PASS" signature="setUp()[pri:0, instance:com.crm.qa.testcases.ContactsPageTest@3f49dace]" name="setUp" is-config="true" duration-ms="9071" started-at="2017-11-30T18:21:59Z" finished-at="2017-11-30T18:22:08Z">
          <reporter-output>
          </reporter-output>
        </test-method> <!-- setUp -->
        <test-method status="PASS" signature="validateCreateNewContact(java.lang.String, java.lang.String, java.lang.String, java.lang.String)[pri:4, instance:com.crm.qa.testcases.ContactsPageTest@3f49dace]" name="validateCreateNewContact" duration-ms="3003" started-at="2017-11-30T18:22:08Z" data-provider="getCrmTestData" finished-at="2017-11-30T18:22:11Z">
          <params>
            <param index="0">
              <value>
                <![CDATA[Mr.]]>
              </value>
            </param>
            <param index="1">
              <value>
                <![CDATA[Mazarrul]]>
              </value>
            </param>
            <param index="2">
              <value>
                <![CDATA[Islam]]>
              </value>
            </param>
            <param index="3">
              <value>
                <![CDATA[PLD]]>
              </value>
            </param>
          </params>
          <reporter-output>
          </reporter-output>
        </test-method> <!-- validateCreateNewContact -->
        <test-method status="PASS" signature="tearDown()[pri:0, instance:com.crm.qa.testcases.ContactsPageTest@3f49dace]" name="tearDown" is-config="true" duration-ms="881" started-at="2017-11-30T18:22:11Z" finished-at="2017-11-30T18:22:12Z">
          <reporter-output>
          </reporter-output>
        </test-method> <!-- tearDown -->
        <test-method status="PASS" signature="setUp()[pri:0, instance:com.crm.qa.testcases.ContactsPageTest@3f49dace]" name="setUp" is-config="true" duration-ms="6211" started-at="2017-11-30T18:22:12Z" finished-at="2017-11-30T18:22:18Z">
          <reporter-output>
          </reporter-output>
        </test-method> <!-- setUp -->
        <test-method status="PASS" signature="validateCreateNewContact(java.lang.String, java.lang.String, java.lang.String, java.lang.String)[pri:4, instance:com.crm.qa.testcases.ContactsPageTest@3f49dace]" name="validateCreateNewContact" duration-ms="2719" started-at="2017-11-30T18:22:18Z" data-provider="getCrmTestData" finished-at="2017-11-30T18:22:21Z">
          <params>
            <param index="0">
              <value>
                <![CDATA[Mrs.]]>
              </value>
            </param>
            <param index="1">
              <value>
                <![CDATA[Mukta]]>
              </value>
            </param>
            <param index="2">
              <value>
                <![CDATA[Sharma]]>
              </value>
            </param>
            <param index="3">
              <value>
                <![CDATA[AMNL]]>
              </value>
            </param>
          </params>
          <reporter-output>
          </reporter-output>
        </test-method> <!-- validateCreateNewContact -->
        <test-method status="PASS" signature="tearDown()[pri:0, instance:com.crm.qa.testcases.ContactsPageTest@3f49dace]" name="tearDown" is-config="true" duration-ms="889" started-at="2017-11-30T18:22:21Z" finished-at="2017-11-30T18:22:22Z">
          <reporter-output>
          </reporter-output>
        </test-method> <!-- tearDown -->
        <test-method status="PASS" signature="setUp()[pri:0, instance:com.crm.qa.testcases.ContactsPageTest@3f49dace]" name="setUp" is-config="true" duration-ms="6251" started-at="2017-11-30T18:22:22Z" finished-at="2017-11-30T18:22:28Z">
          <reporter-output>
          </reporter-output>
        </test-method> <!-- setUp -->
        <test-method status="PASS" signature="validateCreateNewContact(java.lang.String, java.lang.String, java.lang.String, java.lang.String)[pri:4, instance:com.crm.qa.testcases.ContactsPageTest@3f49dace]" name="validateCreateNewContact" duration-ms="2722" started-at="2017-11-30T18:22:28Z" data-provider="getCrmTestData" finished-at="2017-11-30T18:22:31Z">
          <params>
            <param index="0">
              <value>
                <![CDATA[Dr.]]>
              </value>
            </param>
            <param index="1">
              <value>
                <![CDATA[Agarual]]>
              </value>
            </param>
            <param index="2">
              <value>
                <![CDATA[Pattel]]>
              </value>
            </param>
            <param index="3">
              <value>
                <![CDATA[Camarex]]>
              </value>
            </param>
          </params>
          <reporter-output>
          </reporter-output>
        </test-method> <!-- validateCreateNewContact -->
        <test-method status="PASS" signature="tearDown()[pri:0, instance:com.crm.qa.testcases.ContactsPageTest@3f49dace]" name="tearDown" is-config="true" duration-ms="914" started-at="2017-11-30T18:22:31Z" finished-at="2017-11-30T18:22:32Z">
          <reporter-output>
          </reporter-output>
        </test-method> <!-- tearDown -->
        <test-method status="PASS" signature="setUp()[pri:0, instance:com.crm.qa.testcases.ContactsPageTest@3f49dace]" name="setUp" is-config="true" duration-ms="8331" started-at="2017-11-30T18:22:32Z" finished-at="2017-11-30T18:22:40Z">
          <reporter-output>
          </reporter-output>
        </test-method> <!-- setUp -->
        <test-method status="PASS" signature="validateCreateNewContact(java.lang.String, java.lang.String, java.lang.String, java.lang.String)[pri:4, instance:com.crm.qa.testcases.ContactsPageTest@3f49dace]" name="validateCreateNewContact" duration-ms="2872" started-at="2017-11-30T18:22:40Z" data-provider="getCrmTestData" finished-at="2017-11-30T18:22:43Z">
          <params>
            <param index="0">
              <value>
                <![CDATA[Prof.]]>
              </value>
            </param>
            <param index="1">
              <value>
                <![CDATA[Hamidul]]>
              </value>
            </param>
            <param index="2">
              <value>
                <![CDATA[Khan]]>
              </value>
            </param>
            <param index="3">
              <value>
                <![CDATA[Mount Sinai]]>
              </value>
            </param>
          </params>
          <reporter-output>
          </reporter-output>
        </test-method> <!-- validateCreateNewContact -->
        <test-method status="PASS" signature="tearDown()[pri:0, instance:com.crm.qa.testcases.ContactsPageTest@3f49dace]" name="tearDown" is-config="true" duration-ms="896" started-at="2017-11-30T18:22:43Z" finished-at="2017-11-30T18:22:44Z">
          <reporter-output>
          </reporter-output>
        </test-method> <!-- tearDown -->
      </class> <!-- com.crm.qa.testcases.ContactsPageTest -->
      <class name="com.crm.qa.testcases.LoginPageTest">
        <test-method status="PASS" signature="setUp()[pri:0, instance:com.crm.qa.testcases.LoginPageTest@5f2108b5]" name="setUp" is-config="true" duration-ms="5792" started-at="2017-11-30T18:20:41Z" finished-at="2017-11-30T18:20:47Z">
          <reporter-output>
          </reporter-output>
        </test-method> <!-- setUp -->
        <test-method status="PASS" signature="crmLogoTest()[pri:1, instance:com.crm.qa.testcases.LoginPageTest@5f2108b5]" name="crmLogoTest" duration-ms="118" started-at="2017-11-30T18:20:47Z" finished-at="2017-11-30T18:20:47Z">
          <reporter-output>
          </reporter-output>
        </test-method> <!-- crmLogoTest -->
        <test-method status="PASS" signature="tearDown()[pri:0, instance:com.crm.qa.testcases.LoginPageTest@5f2108b5]" name="tearDown" is-config="true" duration-ms="862" started-at="2017-11-30T18:20:47Z" finished-at="2017-11-30T18:20:48Z">
          <reporter-output>
          </reporter-output>
        </test-method> <!-- tearDown -->
        <test-method status="PASS" signature="setUp()[pri:0, instance:com.crm.qa.testcases.LoginPageTest@5f2108b5]" name="setUp" is-config="true" duration-ms="4078" started-at="2017-11-30T18:21:06Z" finished-at="2017-11-30T18:21:10Z">
          <reporter-output>
          </reporter-output>
        </test-method> <!-- setUp -->
        <test-method status="PASS" signature="loginTest()[pri:2, instance:com.crm.qa.testcases.LoginPageTest@5f2108b5]" name="loginTest" duration-ms="1369" started-at="2017-11-30T18:21:10Z" finished-at="2017-11-30T18:21:11Z">
          <reporter-output>
          </reporter-output>
        </test-method> <!-- loginTest -->
        <test-method status="PASS" signature="tearDown()[pri:0, instance:com.crm.qa.testcases.LoginPageTest@5f2108b5]" name="tearDown" is-config="true" duration-ms="858" started-at="2017-11-30T18:21:11Z" finished-at="2017-11-30T18:21:12Z">
          <reporter-output>
          </reporter-output>
        </test-method> <!-- tearDown -->
        <test-method status="PASS" signature="setUp()[pri:0, instance:com.crm.qa.testcases.LoginPageTest@5f2108b5]" name="setUp" is-config="true" duration-ms="4140" started-at="2017-11-30T18:21:27Z" finished-at="2017-11-30T18:21:31Z">
          <reporter-output>
          </reporter-output>
        </test-method> <!-- setUp -->
        <test-method status="PASS" signature="loginPageTitleTest()[pri:3, instance:com.crm.qa.testcases.LoginPageTest@5f2108b5]" name="loginPageTitleTest" duration-ms="4302" started-at="2017-11-30T18:21:31Z" finished-at="2017-11-30T18:21:35Z">
          <reporter-output>
          </reporter-output>
        </test-method> <!-- loginPageTitleTest -->
        <test-method status="PASS" signature="tearDown()[pri:0, instance:com.crm.qa.testcases.LoginPageTest@5f2108b5]" name="tearDown" is-config="true" duration-ms="842" started-at="2017-11-30T18:21:35Z" finished-at="2017-11-30T18:21:36Z">
          <reporter-output>
          </reporter-output>
        </test-method> <!-- tearDown -->
      </class> <!-- com.crm.qa.testcases.LoginPageTest -->
    </test> <!-- Free CRM App Test Cases -->
  </suite> <!-- FREE CRM Application Test Automation Test Suite -->
</testng-results>
